build/app/intermediates/manifest_merge_blame_file/release/manifest-merger-blame-release-report.txt
1<?xml version="1.0" encoding="utf-8"?>
2<manifest xmlns:android="http://schemas.android.com/apk/res/android"
3    package="com.example.ez_bot_guid"
4    android:versionCode="1"
5    android:versionName="1.0.0" >
6
7    <uses-sdk
8        android:minSdkVersion="23"
8-->src\main\AndroidManifest.xml
9        android:targetSdkVersion="31" />
9-->src\main\AndroidManifest.xml
10
11    <uses-permission android:name="android.permission.ACCESS_FINE_LOCATION" />
11-->src\main\AndroidManifest.xml:3:5-78
11-->src\main\AndroidManifest.xml:3:22-76
12    <uses-permission android:name="android.permission.ACCESS_COARSE_LOCATION" />
12-->src\main\AndroidManifest.xml:4:5-81
12-->src\main\AndroidManifest.xml:4:22-78
13    <uses-permission android:name="android.permission.ACCESS_NETWORK_STATE" />
13-->src\main\AndroidManifest.xml:5:5-79
13-->src\main\AndroidManifest.xml:5:22-76
14    <uses-permission android:name="android.permission.RECORD_AUDIO" />
14-->src\main\AndroidManifest.xml:6:5-70
14-->src\main\AndroidManifest.xml:6:22-68
15    <uses-permission android:name="android.permission.INTERNET" />
15-->src\main\AndroidManifest.xml:7:5-66
15-->src\main\AndroidManifest.xml:7:22-64
16    <uses-permission android:name="android.permission.BLUETOOTH" />
16-->src\main\AndroidManifest.xml:8:5-67
16-->src\main\AndroidManifest.xml:8:22-65
17    <uses-permission android:name="android.permission.BLUETOOTH_ADMIN" />
17-->src\main\AndroidManifest.xml:9:5-73
17-->src\main\AndroidManifest.xml:9:22-71
18    <uses-permission android:name="android.permission.BLUETOOTH_CONNECT" />
18-->src\main\AndroidManifest.xml:10:5-75
18-->src\main\AndroidManifest.xml:10:22-73
19    <uses-permission android:name="android.permission.SEND_SMS" />
19-->src\main\AndroidManifest.xml:11:5-66
19-->src\main\AndroidManifest.xml:11:22-64
20    <uses-permission android:name="android.permission.ACCESS_COARSE_LOCATION" />
20-->src\main\AndroidManifest.xml:4:5-81
20-->src\main\AndroidManifest.xml:4:22-78
21    <uses-permission android:name="android.permission.ACCESS_NETWORK_STATE" />
21-->src\main\AndroidManifest.xml:5:5-79
21-->src\main\AndroidManifest.xml:5:22-76
22
23    <queries>
23-->src\main\AndroidManifest.xml:15:5-19:15
24        <intent>
24-->src\main\AndroidManifest.xml:16:9-18:18
25            <action android:name="android.speech.RecognitionService" />
25-->src\main\AndroidManifest.xml:17:13-72
25-->src\main\AndroidManifest.xml:17:21-69
26        </intent>
27        <intent>
27-->[:flutter_tts] AndroidManifest.xml:8:9-10:18
28            <action android:name="android.intent.action.TTS_SERVICE" />
28-->[:flutter_tts] AndroidManifest.xml:9:13-72
28-->[:flutter_tts] AndroidManifest.xml:9:21-69
29        </intent>
30    </queries>
31
32    <uses-permission android:name="android.permission.FOREGROUND_SERVICE" />
32-->[:geolocator_android] AndroidManifest.xml:7:5-77
32-->[:geolocator_android] AndroidManifest.xml:7:22-74
33    <uses-permission
33-->[:mobile_number] AndroidManifest.xml:9:5-11:38
34        android:name="android.permission.READ_PHONE_STATE"
34-->[:mobile_number] AndroidManifest.xml:10:9-59
35        android:maxSdkVersion="29" />
35-->[:mobile_number] AndroidManifest.xml:11:9-35
36    <uses-permission android:name="android.permission.READ_PHONE_NUMBERS" />
36-->[:mobile_number] AndroidManifest.xml:12:5-77
36-->[:mobile_number] AndroidManifest.xml:12:22-74
37    <uses-permission android:name="android.permission.CHANGE_NETWORK_STATE" />
37-->[com.mapbox.common:okhttp:21.3.1] AndroidManifest.xml:9:5-79
37-->[com.mapbox.common:okhttp:21.3.1] AndroidManifest.xml:9:22-76
38
39    <uses-feature
39-->[com.mapbox.maps:android-core:10.5.1] AndroidManifest.xml:10:5-12:35
40        android:glEsVersion="0x00020000"
40-->[com.mapbox.maps:android-core:10.5.1] AndroidManifest.xml:11:9-41
41        android:required="true" />
41-->[com.mapbox.maps:android-core:10.5.1] AndroidManifest.xml:12:9-32
42    <uses-feature
42-->[com.mapbox.maps:android-core:10.5.1] AndroidManifest.xml:13:5-15:36
43        android:name="android.hardware.wifi"
43-->[com.mapbox.maps:android-core:10.5.1] AndroidManifest.xml:14:9-45
44        android:required="false" />
44-->[com.mapbox.maps:android-core:10.5.1] AndroidManifest.xml:15:9-33
45
46    <uses-permission android:name="android.permission.ACCESS_WIFI_STATE" />
46-->[com.mapbox.maps:android-core:10.5.1] AndroidManifest.xml:19:5-76
46-->[com.mapbox.maps:android-core:10.5.1] AndroidManifest.xml:19:22-73
47    <uses-permission android:name="android.permission.WAKE_LOCK" />
47-->[com.google.android.gms:play-services-measurement-api:20.1.2] AndroidManifest.xml:24:5-68
47-->[com.google.android.gms:play-services-measurement-api:20.1.2] AndroidManifest.xml:24:22-65
48    <uses-permission android:name="com.google.android.gms.permission.AD_ID" />
48-->[com.google.android.gms:play-services-measurement-api:20.1.2] AndroidManifest.xml:25:5-79
48-->[com.google.android.gms:play-services-measurement-api:20.1.2] AndroidManifest.xml:25:22-76
49    <uses-permission android:name="com.google.android.finsky.permission.BIND_GET_INSTALL_REFERRER_SERVICE" />
49-->[com.google.android.gms:play-services-measurement:20.1.2] AndroidManifest.xml:26:5-110
49-->[com.google.android.gms:play-services-measurement:20.1.2] AndroidManifest.xml:26:22-107
50    <uses-permission
50-->[com.mapbox.mapboxsdk:mapbox-android-telemetry-okhttp3:8.1.0] AndroidManifest.xml:16:5-18:38
51        android:name="android.permission.GET_TASKS"
51-->[com.mapbox.mapboxsdk:mapbox-android-telemetry-okhttp3:8.1.0] AndroidManifest.xml:17:9-52
52        android:maxSdkVersion="20" />
52-->[com.mapbox.mapboxsdk:mapbox-android-telemetry-okhttp3:8.1.0] AndroidManifest.xml:18:9-35
53
54    <application
55        android:name="android.app.Application"
55-->src\main\AndroidManifest.xml:22:9-42
56        android:appComponentFactory="androidx.core.app.CoreComponentFactory"
56-->[androidx.core:core:1.6.0] AndroidManifest.xml:24:18-86
57        android:extractNativeLibs="false"
58        android:icon="@mipmap/ic_launcher"
58-->src\main\AndroidManifest.xml:23:9-43
59        android:label="lieahBOT" >
59-->src\main\AndroidManifest.xml:21:9-33
60
61        <!-- <meta-data android:name="com.google.android.geo.API_KEY" -->
62        <!-- android:value="AIzaSyD6BP2FOIyjG7r_Fv6mqBxBvozfYf1i2KE"/> -->
63        <activity
63-->src\main\AndroidManifest.xml:26:9-46:20
64            android:name="com.example.ez_bot_guid.MainActivity"
64-->src\main\AndroidManifest.xml:27:13-41
65            android:configChanges="orientation|keyboardHidden|keyboard|screenSize|smallestScreenSize|locale|layoutDirection|fontScale|screenLayout|density|uiMode"
65-->src\main\AndroidManifest.xml:31:13-163
66            android:exported="true"
66-->src\main\AndroidManifest.xml:28:13-36
67            android:hardwareAccelerated="true"
67-->src\main\AndroidManifest.xml:32:13-47
68            android:launchMode="singleTop"
68-->src\main\AndroidManifest.xml:29:13-43
69            android:theme="@style/LaunchTheme"
69-->src\main\AndroidManifest.xml:30:13-47
70            android:windowSoftInputMode="adjustResize" >
70-->src\main\AndroidManifest.xml:33:13-55
71
72            <!--
73                 Specifies an Android theme to apply to this Activity as soon as
74                 the Android process has started. This theme is visible to the user
75                 while the Flutter UI initializes. After that, this theme continues
76                 to determine the Window background behind the Flutter UI.
77            -->
78            <meta-data
78-->src\main\AndroidManifest.xml:38:13-41:19
79                android:name="io.flutter.embedding.android.NormalTheme"
79-->src\main\AndroidManifest.xml:39:17-72
80                android:resource="@style/NormalTheme" />
80-->src\main\AndroidManifest.xml:40:17-54
81
82            <intent-filter>
82-->src\main\AndroidManifest.xml:42:13-45:29
83                <action android:name="android.intent.action.MAIN" />
83-->src\main\AndroidManifest.xml:43:17-68
83-->src\main\AndroidManifest.xml:43:25-66
84
85                <category android:name="android.intent.category.LAUNCHER" />
85-->src\main\AndroidManifest.xml:44:17-76
85-->src\main\AndroidManifest.xml:44:27-74
86            </intent-filter>
87        </activity>
88        <!--
89             Don't delete the meta-data below.
90             This is used by the Flutter tool to generate GeneratedPluginRegistrant.java
91        -->
92        <meta-data
92-->src\main\AndroidManifest.xml:49:9-51:33
93            android:name="flutterEmbedding"
93-->src\main\AndroidManifest.xml:50:13-44
94            android:value="2" />
94-->src\main\AndroidManifest.xml:51:13-30
95
96        <service
96-->[:cloud_firestore] AndroidManifest.xml:8:9-12:19
97            android:name="com.google.firebase.components.ComponentDiscoveryService"
97-->[:cloud_firestore] AndroidManifest.xml:8:18-89
98            android:directBootAware="true"
98-->[com.google.firebase:firebase-common:20.1.0] AndroidManifest.xml:35:13-43
99            android:exported="false" >
99-->[com.google.firebase:firebase-firestore:24.1.1] AndroidManifest.xml:19:13-37
100            <meta-data
100-->[:cloud_firestore] AndroidManifest.xml:9:13-11:85
101                android:name="com.google.firebase.components:io.flutter.plugins.firebase.firestore.FlutterFirebaseFirestoreRegistrar"
101-->[:cloud_firestore] AndroidManifest.xml:10:17-134
102                android:value="com.google.firebase.components.ComponentRegistrar" />
102-->[:cloud_firestore] AndroidManifest.xml:11:17-82
103            <meta-data
103-->[:firebase_core] AndroidManifest.xml:9:13-11:85
104                android:name="com.google.firebase.components:io.flutter.plugins.firebase.core.FlutterFirebaseCoreRegistrar"
104-->[:firebase_core] AndroidManifest.xml:10:17-124
105                android:value="com.google.firebase.components.ComponentRegistrar" />
105-->[:firebase_core] AndroidManifest.xml:11:17-82
106            <meta-data
106-->[com.google.firebase:firebase-firestore:24.1.1] AndroidManifest.xml:20:13-22:85
107                android:name="com.google.firebase.components:com.google.firebase.firestore.FirestoreRegistrar"
107-->[com.google.firebase:firebase-firestore:24.1.1] AndroidManifest.xml:21:17-111
108                android:value="com.google.firebase.components.ComponentRegistrar" />
108-->[com.google.firebase:firebase-firestore:24.1.1] AndroidManifest.xml:22:17-82
109            <meta-data
109-->[com.google.android.gms:play-services-measurement-api:20.1.2] AndroidManifest.xml:31:13-33:85
110                android:name="com.google.firebase.components:com.google.firebase.analytics.connector.internal.AnalyticsConnectorRegistrar"
110-->[com.google.android.gms:play-services-measurement-api:20.1.2] AndroidManifest.xml:32:17-139
111                android:value="com.google.firebase.components.ComponentRegistrar" />
111-->[com.google.android.gms:play-services-measurement-api:20.1.2] AndroidManifest.xml:33:17-82
112            <meta-data
112-->[com.google.firebase:firebase-installations:17.0.1] AndroidManifest.xml:18:13-20:85
113                android:name="com.google.firebase.components:com.google.firebase.installations.FirebaseInstallationsRegistrar"
113-->[com.google.firebase:firebase-installations:17.0.1] AndroidManifest.xml:19:17-127
114                android:value="com.google.firebase.components.ComponentRegistrar" />
114-->[com.google.firebase:firebase-installations:17.0.1] AndroidManifest.xml:20:17-82
115        </service>
116        <service
116-->[:geolocator_android] AndroidManifest.xml:10:9-14:56
117            android:name="com.baseflow.geolocator.GeolocatorLocationService"
117-->[:geolocator_android] AndroidManifest.xml:11:13-77
118            android:enabled="true"
118-->[:geolocator_android] AndroidManifest.xml:12:13-35
119            android:exported="false"
119-->[:geolocator_android] AndroidManifest.xml:13:13-37
120            android:foregroundServiceType="location" />
120-->[:geolocator_android] AndroidManifest.xml:14:13-53
121
122        <activity
122-->[:url_launcher_android] AndroidManifest.xml:8:9-11:74
123            android:name="io.flutter.plugins.urllauncher.WebViewActivity"
123-->[:url_launcher_android] AndroidManifest.xml:9:13-74
124            android:exported="false"
124-->[:url_launcher_android] AndroidManifest.xml:10:13-37
125            android:theme="@android:style/Theme.NoTitleBar.Fullscreen" />
125-->[:url_launcher_android] AndroidManifest.xml:11:13-71
126
127        <service
127-->[:location] AndroidManifest.xml:11:9-15:56
128            android:name="com.lyokone.location.FlutterLocationService"
128-->[:location] AndroidManifest.xml:12:13-71
129            android:enabled="true"
129-->[:location] AndroidManifest.xml:13:13-35
130            android:exported="false"
130-->[:location] AndroidManifest.xml:14:13-37
131            android:foregroundServiceType="location" />
131-->[:location] AndroidManifest.xml:15:13-53
132
133        <provider
133-->[com.mapbox.maps:android-core:10.5.1] AndroidManifest.xml:22:9-30:20
134            android:name="androidx.startup.InitializationProvider"
134-->[com.mapbox.maps:android-core:10.5.1] AndroidManifest.xml:23:13-67
135            android:authorities="com.example.ez_bot_guid.androidx-startup"
135-->[com.mapbox.maps:android-core:10.5.1] AndroidManifest.xml:24:13-68
136            android:exported="false" >
136-->[com.mapbox.maps:android-core:10.5.1] AndroidManifest.xml:25:13-37
137            <meta-data
137-->[com.mapbox.maps:android-core:10.5.1] AndroidManifest.xml:27:13-29:52
138                android:name="com.mapbox.maps.loader.MapboxMapsInitializer"
138-->[com.mapbox.maps:android-core:10.5.1] AndroidManifest.xml:28:17-76
139                android:value="androidx.startup" />
139-->[com.mapbox.maps:android-core:10.5.1] AndroidManifest.xml:29:17-49
140            <!-- This entry makes MapboxSDKCommonInitializer discoverable. -->
141            <meta-data
141-->[com.mapbox.common:common:21.3.1] AndroidManifest.xml:20:13-22:52
142                android:name="com.mapbox.common.MapboxSDKCommonInitializer"
142-->[com.mapbox.common:common:21.3.1] AndroidManifest.xml:21:17-76
143                android:value="androidx.startup" />
143-->[com.mapbox.common:common:21.3.1] AndroidManifest.xml:22:17-49
144        </provider>
145
146        <receiver
146-->[com.mapbox.common:common:21.3.1] AndroidManifest.xml:25:9-32:20
147            android:name="com.mapbox.common.location.LocationUpdatesReceiver"
147-->[com.mapbox.common:common:21.3.1] AndroidManifest.xml:26:13-78
148            android:enabled="false"
148-->[com.mapbox.common:common:21.3.1] AndroidManifest.xml:27:13-36
149            android:exported="false" >
149-->[com.mapbox.common:common:21.3.1] AndroidManifest.xml:28:13-37
150            <intent-filter>
150-->[com.mapbox.common:common:21.3.1] AndroidManifest.xml:29:13-31:29
151                <action android:name="com.mapbox.common.location.LocationUpdatesReceiver.ACTION_PROCESS_LOCATION_UPDATES" />
151-->[com.mapbox.common:common:21.3.1] AndroidManifest.xml:30:17-125
151-->[com.mapbox.common:common:21.3.1] AndroidManifest.xml:30:25-122
152            </intent-filter>
153        </receiver>
154
155        <service
155-->[com.mapbox.common:common:21.3.1] AndroidManifest.xml:34:9-36:40
156            android:name="com.mapbox.common.SystemInfoService"
156-->[com.mapbox.common:common:21.3.1] AndroidManifest.xml:35:13-63
157            android:exported="false" />
157-->[com.mapbox.common:common:21.3.1] AndroidManifest.xml:36:13-37
158
159        <uses-library
159-->[androidx.window:window:1.0.0-beta04] AndroidManifest.xml:25:9-27:40
160            android:name="androidx.window.extensions"
160-->[androidx.window:window:1.0.0-beta04] AndroidManifest.xml:26:13-54
161            android:required="false" />
161-->[androidx.window:window:1.0.0-beta04] AndroidManifest.xml:27:13-37
162        <uses-library
162-->[androidx.window:window:1.0.0-beta04] AndroidManifest.xml:28:9-30:40
163            android:name="androidx.window.sidecar"
163-->[androidx.window:window:1.0.0-beta04] AndroidManifest.xml:29:13-51
164            android:required="false" />
164-->[androidx.window:window:1.0.0-beta04] AndroidManifest.xml:30:13-37
165
166        <provider
166-->[com.google.firebase:firebase-common:20.1.0] AndroidManifest.xml:26:9-31:39
167            android:name="com.google.firebase.provider.FirebaseInitProvider"
167-->[com.google.firebase:firebase-common:20.1.0] AndroidManifest.xml:27:13-77
168            android:authorities="com.example.ez_bot_guid.firebaseinitprovider"
168-->[com.google.firebase:firebase-common:20.1.0] AndroidManifest.xml:28:13-72
169            android:directBootAware="true"
169-->[com.google.firebase:firebase-common:20.1.0] AndroidManifest.xml:29:13-43
170            android:exported="false"
170-->[com.google.firebase:firebase-common:20.1.0] AndroidManifest.xml:30:13-37
171            android:initOrder="100" /> <!-- Offline download region picker activity -->
171-->[com.google.firebase:firebase-common:20.1.0] AndroidManifest.xml:31:13-36
172        <activity
172-->[com.mapbox.mapboxsdk:mapbox-android-plugin-offline-v9:0.7.0] AndroidManifest.xml:12:9-14:125
173            android:name="com.mapbox.mapboxsdk.plugins.offline.ui.OfflineActivity"
173-->[com.mapbox.mapboxsdk:mapbox-android-plugin-offline-v9:0.7.0] AndroidManifest.xml:13:13-83
174            android:configChanges="keyboard|keyboardHidden|orientation|screenLayout|uiMode|screenSize|smallestScreenSize" /> <!-- Offline download service -->
174-->[com.mapbox.mapboxsdk:mapbox-android-plugin-offline-v9:0.7.0] AndroidManifest.xml:14:13-122
175        <service
175-->[com.mapbox.mapboxsdk:mapbox-android-plugin-offline-v9:0.7.0] AndroidManifest.xml:17:9-19:40
176            android:name="com.mapbox.mapboxsdk.plugins.offline.offline.OfflineDownloadService"
176-->[com.mapbox.mapboxsdk:mapbox-android-plugin-offline-v9:0.7.0] AndroidManifest.xml:18:13-95
177            android:exported="false" />
177-->[com.mapbox.mapboxsdk:mapbox-android-plugin-offline-v9:0.7.0] AndroidManifest.xml:19:13-37
178
179        <receiver
179-->[com.google.android.gms:play-services-measurement:20.1.2] AndroidManifest.xml:29:9-33:20
180            android:name="com.google.android.gms.measurement.AppMeasurementReceiver"
180-->[com.google.android.gms:play-services-measurement:20.1.2] AndroidManifest.xml:30:13-85
181            android:enabled="true"
181-->[com.google.android.gms:play-services-measurement:20.1.2] AndroidManifest.xml:31:13-35
182            android:exported="false" >
182-->[com.google.android.gms:play-services-measurement:20.1.2] AndroidManifest.xml:32:13-37
183        </receiver>
184
185        <service
185-->[com.google.android.gms:play-services-measurement:20.1.2] AndroidManifest.xml:35:9-38:40
186            android:name="com.google.android.gms.measurement.AppMeasurementService"
186-->[com.google.android.gms:play-services-measurement:20.1.2] AndroidManifest.xml:36:13-84
187            android:enabled="true"
187-->[com.google.android.gms:play-services-measurement:20.1.2] AndroidManifest.xml:37:13-35
188            android:exported="false" />
188-->[com.google.android.gms:play-services-measurement:20.1.2] AndroidManifest.xml:38:13-37
189        <service
189-->[com.google.android.gms:play-services-measurement:20.1.2] AndroidManifest.xml:39:9-43:72
190            android:name="com.google.android.gms.measurement.AppMeasurementJobService"
190-->[com.google.android.gms:play-services-measurement:20.1.2] AndroidManifest.xml:40:13-87
191            android:enabled="true"
191-->[com.google.android.gms:play-services-measurement:20.1.2] AndroidManifest.xml:41:13-35
192            android:exported="false"
192-->[com.google.android.gms:play-services-measurement:20.1.2] AndroidManifest.xml:42:13-37
193            android:permission="android.permission.BIND_JOB_SERVICE" />
193-->[com.google.android.gms:play-services-measurement:20.1.2] AndroidManifest.xml:43:13-69
194
195        <activity
195-->[com.google.android.gms:play-services-base:18.0.1] AndroidManifest.xml:20:9-22:45
196            android:name="com.google.android.gms.common.api.GoogleApiActivity"
196-->[com.google.android.gms:play-services-base:18.0.1] AndroidManifest.xml:20:19-85
197            android:exported="false"
197-->[com.google.android.gms:play-services-base:18.0.1] AndroidManifest.xml:22:19-43
198            android:theme="@android:style/Theme.Translucent.NoTitleBar" />
198-->[com.google.android.gms:play-services-base:18.0.1] AndroidManifest.xml:21:19-78
199
200        <meta-data
200-->[com.google.android.gms:play-services-basement:18.0.0] AndroidManifest.xml:21:9-23:69
201            android:name="com.google.android.gms.version"
201-->[com.google.android.gms:play-services-basement:18.0.0] AndroidManifest.xml:22:13-58
202            android:value="@integer/google_play_services_version" />
202-->[com.google.android.gms:play-services-basement:18.0.0] AndroidManifest.xml:23:13-66
203
204        <provider
204-->[com.mapbox.mapboxsdk:mapbox-android-telemetry-okhttp3:8.1.0] AndroidManifest.xml:21:9-25:39
205            android:name="com.mapbox.android.telemetry.provider.MapboxTelemetryInitProvider"
205-->[com.mapbox.mapboxsdk:mapbox-android-telemetry-okhttp3:8.1.0] AndroidManifest.xml:22:13-93
206            android:authorities="com.example.ez_bot_guid.mapboxtelemetryinitprovider"
206-->[com.mapbox.mapboxsdk:mapbox-android-telemetry-okhttp3:8.1.0] AndroidManifest.xml:23:13-79
207            android:exported="false"
207-->[com.mapbox.mapboxsdk:mapbox-android-telemetry-okhttp3:8.1.0] AndroidManifest.xml:24:13-37
208            android:initOrder="100" />
208-->[com.mapbox.mapboxsdk:mapbox-android-telemetry-okhttp3:8.1.0] AndroidManifest.xml:25:13-36
209
210        <service
210-->[com.mapbox.mapboxsdk:mapbox-android-telemetry-okhttp3:8.1.0] AndroidManifest.xml:27:9-30:72
211            android:name="com.mapbox.android.telemetry.errors.ErrorReporterJobIntentService"
211-->[com.mapbox.mapboxsdk:mapbox-android-telemetry-okhttp3:8.1.0] AndroidManifest.xml:28:13-93
212            android:exported="false"
212-->[com.mapbox.mapboxsdk:mapbox-android-telemetry-okhttp3:8.1.0] AndroidManifest.xml:29:13-37
213            android:permission="android.permission.BIND_JOB_SERVICE" />
213-->[com.mapbox.mapboxsdk:mapbox-android-telemetry-okhttp3:8.1.0] AndroidManifest.xml:30:13-69
214        <service
214-->[com.mapbox.mapboxsdk:mapbox-android-telemetry-okhttp3:8.1.0] AndroidManifest.xml:31:9-33:40
215            android:name="com.mapbox.android.telemetry.MapboxTelemetryService"
215-->[com.mapbox.mapboxsdk:mapbox-android-telemetry-okhttp3:8.1.0] AndroidManifest.xml:32:13-79
216            android:exported="false" />
216-->[com.mapbox.mapboxsdk:mapbox-android-telemetry-okhttp3:8.1.0] AndroidManifest.xml:33:13-37
217    </application>
218
219</manifest>